<?xml version="1.0" encoding="UTF-8"?>
<testng-results skipped="0" failed="0" total="1" passed="1">
  <reporter-output>
  </reporter-output>
  <suite name="Default suite" duration-ms="47" started-at="2016-03-05T23:55:39Z" finished-at="2016-03-05T23:55:39Z">
    <groups>
    </groups>
    <test name="Default test" duration-ms="47" started-at="2016-03-05T23:55:39Z" finished-at="2016-03-05T23:55:39Z">
      <class name="TestNGDemo.TestngEx1">
        <test-method status="PASS" signature="testPrime()[pri:0, instance:TestNGDemo.TestngEx1@5a39699c]" name="testPrime" duration-ms="16" started-at="2016-03-05T15:55:39Z" finished-at="2016-03-05T15:55:39Z">
          <reporter-output>
          </reporter-output>
        </test-method> <!-- testPrime -->
      </class> <!-- TestNGDemo.TestngEx1 -->
    </test> <!-- Default test -->
  </suite> <!-- Default suite -->
</testng-results>
